2019/8/4 15:26:43 :[frmCreateDataTable][已经关闭!]
2019/8/4 15:27:24 :异常：MySql.Data.MySqlClient.MySqlException (0x80004005): Access denied for user ''@'localhost' (using password: NO)
   在 MySql.Data.MySqlClient.MySqlStream.OpenPacket()
   在 MySql.Data.MySqlClient.NativeDriver.Authenticate411()
   在 MySql.Data.MySqlClient.NativeDriver.Authenticate()
   在 MySql.Data.MySqlClient.NativeDriver.Open()
   在 MySql.Data.MySqlClient.Driver.Create(MySqlConnectionStringBuilder settings)
   在 MySql.Data.MySqlClient.MySqlPool.CreateNewPooledConnection()
   在 MySql.Data.MySqlClient.MySqlPool.GetPooledConnection()
   在 MySql.Data.MySqlClient.MySqlPool.TryToGetDriver()
   在 MySql.Data.MySqlClient.MySqlPool.GetConnection()
   在 MySql.Data.MySqlClient.MySqlConnection.Open()
   在 System.Data.Common.DbDataAdapter.FillInternal(DataSet dataset, DataTable[] datatables, Int32 startRecord, Int32 maxRecords, String srcTable, IDbCommand command, CommandBehavior behavior)
   在 System.Data.Common.DbDataAdapter.Fill(DataSet dataSet, Int32 startRecord, Int32 maxRecords, String srcTable, IDbCommand command, CommandBehavior behavior)
   在 System.Data.Common.DbDataAdapter.Fill(DataSet dataSet)
   在 NFrmImportDPSList.DFrmImportDPSList.ExcuteMySql(String str, String& errorMsg) 位置 e:\项目文件\唐山住友\住友机械拣选\PTLControLib-All - 拣选\FM009-FrmImportDPSList\FrmImportDPSList.cs:行号 53
2019/8/4 15:38:25 :异常：System.ArgumentException: 列“物料名称”不属于表 Table。
   在 System.Data.DataRow.GetDataColumn(String columnName)
   在 System.Data.DataRow.get_Item(String columnName)
   在 NFrmImportDPSList.DFrmImportDPSList.InsertIntoDataGridView(DataTable dt, Int32 flag) 位置 e:\项目文件\唐山住友\住友机械拣选\PTLControLib-All - 拣选\FM009-FrmImportDPSList\FrmImportDPSList.cs:行号 256
2019/8/4 15:40:06 :[frmCreateDataTable][已经关闭!]
2019/8/4 15:41:16 :[frmCreateDataTable][已经关闭!]
2019/8/4 16:03:22 :异常：异常:[错误代码:DA0010][不支持关键字: “charset”。]
2019/8/4 16:10:49 :异常：MySql.Data.MySqlClient.MySqlException (0x80004005): Unknown column 'start_date' in 'where clause'
   在 MySql.Data.MySqlClient.MySqlStream.OpenPacket()
   在 MySql.Data.MySqlClient.NativeDriver.ReadResult(UInt64& affectedRows, Int64& lastInsertId)
   在 MySql.Data.MySqlClient.MySqlDataReader.GetResultSet()
   在 MySql.Data.MySqlClient.MySqlDataReader.NextResult()
   在 MySql.Data.MySqlClient.MySqlCommand.ExecuteReader(CommandBehavior behavior)
   在 MySql.Data.MySqlClient.MySqlCommand.ExecuteDbDataReader(CommandBehavior behavior)
   在 System.Data.Common.DbCommand.System.Data.IDbCommand.ExecuteReader(CommandBehavior behavior)
   在 System.Data.Common.DbDataAdapter.FillInternal(DataSet dataset, DataTable[] datatables, Int32 startRecord, Int32 maxRecords, String srcTable, IDbCommand command, CommandBehavior behavior)
   在 System.Data.Common.DbDataAdapter.Fill(DataSet dataSet, Int32 startRecord, Int32 maxRecords, String srcTable, IDbCommand command, CommandBehavior behavior)
   在 System.Data.Common.DbDataAdapter.Fill(DataSet dataSet)
   在 NFrmImportDPSList.DFrmImportDPSList.ExcuteMySql(String str, String& errorMsg) 位置 e:\项目文件\唐山住友\住友机械拣选\PTLControLib-All - 拣选\FM009-FrmImportDPSList\FrmImportDPSList.cs:行号 53
2019/8/4 16:13:19 :[frmCreateDataTable][已经关闭!]
2019/8/4 16:18:24 :[frmCreateDataTable][已经关闭!]
2019/8/4 16:28:22 :异常：System.ArgumentException: 列“pick_order”不属于表 Table。
   在 System.Data.DataRow.GetDataColumn(String columnName)
   在 System.Data.DataRow.get_Item(String columnName)
   在 NFrmImportDPSList.DFrmImportDPSList.GetOrderByDate(String date, Int32 flag) 位置 e:\项目文件\唐山住友\住友机械拣选\PTLControLib-All - 拣选\FM009-FrmImportDPSList\FrmImportDPSList.cs:行号 129
