2019/7/24 9:42:08 :[FrmDPS.dll][已经成功加载!]
2019/7/24 9:42:08 :LoadRegionTable 加载基础数据出错：异常:[错误代码:DA001132][ORA-12154: TNS:could not resolve the connect identifier specified
]
2019/7/24 9:42:31 :[FrmDPS.dll][已经关闭!]
2019/7/24 10:08:11 :[FrmSetDPS.dll][已经关闭!]
2019/7/24 10:08:23 :[FrmDPS.dll][已经成功加载!]
2019/7/24 10:08:23 :LoadRegionTable 加载基础数据出错：异常:[错误代码:DA001132][ORA-12154: TNS:could not resolve the connect identifier specified
]
2019/7/24 10:09:17 :[FrmDPS.dll][已经关闭!]
2019/7/24 10:19:38 :[FrmDPS.dll][已经成功加载!]
2019/7/24 10:19:38 :LoadRegionTable 加载基础数据出错：异常:[错误代码:DA001132][ORA-12154: TNS:could not resolve the connect identifier specified
]
2019/7/24 10:19:55 :[FrmDPS.dll][已经关闭!]
2019/7/24 10:30:09 :[FrmDPS.dll][已经成功加载!]
2019/7/24 10:30:09 :LoadRegionTable 加载基础数据出错：异常:[错误代码:DA001132][ORA-12154: TNS:could not resolve the connect identifier specified
]
2019/7/24 10:30:36 :[FrmDPS.dll][已经关闭!]
2019/7/24 11:11:51 :[FrmDPS.dll][已经成功加载!]
2019/7/24 11:11:51 :LoadRegionTable 加载基础数据出错：异常:[错误代码:DA001132][ORA-12154: TNS:could not resolve the connect identifier specified
]
2019/7/24 11:12:06 :异常：异常:[错误代码:DA001132][ORA-12154: TNS:could not resolve the connect identifier specified
]
2019/7/24 11:13:13 :异常：异常:[错误代码:DA001132][ORA-12154: TNS:could not resolve the connect identifier specified
]
2019/7/24 11:13:16 :异常：异常:[错误代码:DA001132][ORA-12154: TNS:could not resolve the connect identifier specified
]
2019/7/24 11:13:20 :异常：异常:[错误代码:DA001132][ORA-12154: TNS:could not resolve the connect identifier specified
]
2019/7/24 11:13:22 :异常：异常:[错误代码:DA001132][ORA-12154: TNS:could not resolve the connect identifier specified
]
2019/7/24 11:13:44 :异常：异常:[错误代码:DA001132][ORA-12154: TNS:could not resolve the connect identifier specified
]
2019/7/24 11:13:52 :异常：异常:[错误代码:DA001132][ORA-12154: TNS:could not resolve the connect identifier specified
]
2019/7/24 11:13:55 :异常：异常:[错误代码:DA001132][ORA-12154: TNS:could not resolve the connect identifier specified
]
2019/7/24 11:13:58 :异常：异常:[错误代码:DA001132][ORA-12154: TNS:could not resolve the connect identifier specified
]
2019/7/24 11:14:19 :异常：异常:[错误代码:DA001132][ORA-12154: TNS:could not resolve the connect identifier specified
]
2019/7/24 11:14:55 :[FrmDPS.dll][已经关闭!]
2019/7/24 11:18:58 :[FrmDPS.dll][已经成功加载!]
2019/7/24 11:18:58 :LoadRegionTable 加载基础数据出错：异常:[错误代码:DA001132][ORA-12154: TNS:could not resolve the connect identifier specified
]
2019/7/24 11:20:13 :异常：异常:[错误代码:DA001132][ORA-12154: TNS:could not resolve the connect identifier specified
]
2019/7/24 11:20:53 :异常：异常:[错误代码:DA001132][ORA-12154: TNS:could not resolve the connect identifier specified
]
2019/7/24 11:21:54 :[FrmDPS.dll][已经关闭!]
2019/7/24 11:32:05 :[FrmDPS.dll][已经成功加载!]
2019/7/24 11:32:05 :LoadRegionTable 加载基础数据出错：异常:[错误代码:DA001132][ORA-12154: TNS:could not resolve the connect identifier specified
]
2019/7/24 11:32:08 :异常：异常:[错误代码:DA001132][ORA-12154: TNS:could not resolve the connect identifier specified
]
2019/7/24 11:33:04 :[FrmDPS.dll][已经关闭!]
2019/7/24 11:34:54 :[FrmDPS.dll][已经成功加载!]
2019/7/24 11:34:54 :LoadRegionTable 加载基础数据出错：异常:[错误代码:DA001132][ORA-12154: TNS:could not resolve the connect identifier specified
]
2019/7/24 11:35:43 :异常：异常:[错误代码:DA001132][ORA-12154: TNS:could not resolve the connect identifier specified
]
2019/7/24 11:35:46 :异常：异常:[错误代码:DA001132][ORA-12154: TNS:could not resolve the connect identifier specified
]
2019/7/24 11:36:08 :异常：异常:[错误代码:DA001132][ORA-12154: TNS:could not resolve the connect identifier specified
]
2019/7/24 11:36:14 :异常：异常:[错误代码:DA001132][ORA-12154: TNS:could not resolve the connect identifier specified
]
2019/7/24 11:37:06 :[FrmDPS.dll][已经关闭!]
2019/7/24 11:42:57 :[FrmDPS.dll][已经成功加载!]
2019/7/24 11:42:57 :LoadRegionTable 加载基础数据出错：异常:[错误代码:DA001132][ORA-12154: TNS:could not resolve the connect identifier specified
]
2019/7/24 11:42:59 :异常：异常:[错误代码:DA001132][ORA-12154: TNS:could not resolve the connect identifier specified
]
2019/7/24 11:45:00 :[FrmDPS.dll][已经成功加载!]
2019/7/24 11:45:00 :LoadRegionTable 加载基础数据出错：异常:[错误代码:DA001132][ORA-12154: TNS:could not resolve the connect identifier specified
]
2019/7/24 11:45:01 :异常：异常:[错误代码:DA001132][ORA-12154: TNS:could not resolve the connect identifier specified
]
2019/7/24 11:45:40 :异常：异常:[错误代码:DA001132][ORA-12154: TNS:could not resolve the connect identifier specified
]
2019/7/24 11:47:29 :异常：异常:[错误代码:DA001132][ORA-12154: TNS:could not resolve the connect identifier specified
]
2019/7/24 11:51:53 :[FrmDPS.dll][已经关闭!]
2019/7/24 11:55:39 :[FrmDPS.dll][已经成功加载!]
2019/7/24 11:55:39 :LoadRegionTable 加载基础数据出错：异常:[错误代码:DA001132][ORA-12154: TNS:could not resolve the connect identifier specified
]
2019/7/24 11:55:43 :异常：异常:[错误代码:DA001132][ORA-12154: TNS:could not resolve the connect identifier specified
]
2019/7/24 11:55:48 :异常：异常:[错误代码:DA001132][ORA-12154: TNS:could not resolve the connect identifier specified
]
2019/7/24 11:56:12 :[FrmDPS.dll][已经关闭!]
2019/7/24 11:58:22 :[FrmDPS.dll][已经成功加载!]
2019/7/24 11:58:22 :LoadRegionTable 加载基础数据出错：异常:[错误代码:DA001132][ORA-12154: TNS:could not resolve the connect identifier specified
]
2019/7/24 11:58:44 :异常：异常:[错误代码:DA001132][ORA-12154: TNS:could not resolve the connect identifier specified
]
2019/7/24 11:58:50 :异常：异常:[错误代码:DA001132][ORA-12154: TNS:could not resolve the connect identifier specified
]
2019/7/24 11:58:56 :异常：异常:[错误代码:DA001132][ORA-12154: TNS:could not resolve the connect identifier specified
]
2019/7/24 11:59:09 :[FrmDPS.dll][已经关闭!]
2019/7/24 12:00:11 :[FrmDPS.dll][已经成功加载!]
2019/7/24 12:00:11 :LoadRegionTable 加载基础数据出错：异常:[错误代码:DA001132][ORA-12154: TNS:could not resolve the connect identifier specified
]
2019/7/24 12:00:23 :异常：异常:[错误代码:DA001132][ORA-12154: TNS:could not resolve the connect identifier specified
]
2019/7/24 12:00:50 :异常：异常:[错误代码:DA001132][ORA-12154: TNS:could not resolve the connect identifier specified
]
2019/7/24 12:01:11 :[FrmDPS.dll][已经关闭!]
2019/7/24 14:54:42 :[FrmSetDPS.dll][已经关闭!]
2019/7/24 14:54:54 :[FrmDPS.dll][已经成功加载!]
2019/7/24 14:54:54 :LoadRegionTable 加载基础数据出错：异常:[错误代码:DA001132][ORA-12154: TNS:could not resolve the connect identifier specified
]
2019/7/24 14:55:22 :[FrmDPS.dll][已经关闭!]
2019/7/24 14:56:31 :[frmCreateDataTable][已经关闭!]
2019/7/24 14:56:42 :[FrmDPS.dll][已经成功加载!]
2019/7/24 14:56:42 :LoadRegionTable 加载基础数据出错：异常:[错误代码:DA001132][ORA-12154: TNS:could not resolve the connect identifier specified
]
2019/7/24 14:57:03 :[FrmDPS.dll][已经关闭!]
2019/7/24 14:57:11 :[frmCreateDataTable][已经关闭!]
2019/7/24 15:06:58 :[FrmSetDPS.dll][已经关闭!]
2019/7/24 15:07:35 :异常：异常:[错误代码:DA001132][ORA-12154: TNS:could not resolve the connect identifier specified
]
2019/7/24 15:07:38 :[frmCreateDataTable][已经关闭!]
2019/7/24 15:09:17 :异常：异常:[错误代码:DA001132][ORA-12154: TNS:could not resolve the connect identifier specified
]
2019/7/24 15:09:36 :异常：异常:[错误代码:DA001132][ORA-12154: TNS:could not resolve the connect identifier specified
]
2019/7/24 15:09:39 :[frmCreateDataTable][已经关闭!]
2019/7/24 15:33:12 :异常：异常:[错误代码:DA001132][ORA-12154: TNS:could not resolve the connect identifier specified
]
2019/7/24 15:33:26 :[frmCreateDataTable][已经关闭!]
2019/7/24 15:33:41 :异常：异常:[错误代码:DA001132][ORA-12154: TNS:could not resolve the connect identifier specified
]
2019/7/24 15:33:47 :[frmCreateDataTable][已经关闭!]
2019/7/24 15:33:52 :[frmCreateDataTable][已经关闭!]
2019/7/24 15:57:09 :[FrmDPS.dll][已经成功加载!]
2019/7/24 15:57:09 :LoadRegionTable 加载基础数据出错：异常:[错误代码:DA001132][ORA-12154: TNS:could not resolve the connect identifier specified
]
2019/7/24 15:57:12 :[FrmDPS.dll][已经关闭!]
2019/7/24 15:57:15 :[frmCreateDataTable][已经关闭!]
2019/7/24 15:57:20 :[FrmSetDPS.dll][已经关闭!]
2019/7/24 15:57:32 :[FrmDPS.dll][已经成功加载!]
2019/7/24 15:57:32 :LoadRegionTable 加载基础数据出错：异常:[错误代码:DA001132][ORA-12154: TNS:could not resolve the connect identifier specified
]
2019/7/24 15:57:39 :[FrmDPS.dll][已经关闭!]
2019/7/24 18:31:48 :[frmCreateDataTable.dll][已经成功加载!]
2019/7/24 18:31:50 :[frmCreateDataTable][已经关闭!]
2019/7/24 18:31:56 :选定的文件不存在.
2019/7/24 18:31:57 :[frmCreateDataTable][已经关闭!]
2019/7/24 18:31:58 :[frmAutoDspId][已成功加载!]
2019/7/24 18:32:22 :[frmAutoDspId][已经关闭!]
2019/7/24 18:32:36 :[FrmSetDPS.dll][已经关闭!]
2019/7/24 18:32:43 :异常：异常:[错误代码:DA001132][不支持关键字: “database”。]
2019/7/24 18:33:04 :[frmCreateDataTable][已经关闭!]
2019/7/24 18:33:05 :[FrmDPS.dll][已经成功加载!]
2019/7/24 18:33:05 :LoadRegionTable 加载基础数据出错：异常:[错误代码:DA001132][不支持关键字: “database”。]
2019/7/24 18:33:11 :[FrmDPS.dll][已经关闭!]
2019/7/24 18:33:13 :[FrmDPS.dll][已经成功加载!]
2019/7/24 18:33:13 :LoadRegionTable 加载基础数据出错：异常:[错误代码:DA001132][不支持关键字: “database”。]
2019/7/24 18:33:15 :[FrmDPS.dll][已经关闭!]
2019/7/24 18:34:53 :[FrmDPS.dll][已经成功加载!]
2019/7/24 18:34:53 :LoadRegionTable 加载基础数据出错：异常:[错误代码:DA001132][不支持关键字: “database”。]
2019/7/24 18:35:01 :[FrmDPS.dll][已经关闭!]
2019/7/24 18:39:43 :[frmCreateDataTable.dll][已经成功加载!]
2019/7/24 18:39:51 :异常:[错误代码:BL0010][异常:[错误代码:DA001218][不支持关键字: “database”。]]
2019/7/24 18:39:51 :异常:[错误代码:BL0020][异常:[错误代码:DA001218][不支持关键字: “database”。]]
2019/7/24 18:39:51 :异常:[错误代码:BL0050][异常:[错误代码:DA001218][不支持关键字: “database”。]]
2019/7/24 18:39:51 :异常:[错误代码:BL0050][异常:[错误代码:DA001218][不支持关键字: “database”。]]
2019/7/24 18:39:51 :异常:[错误代码:BL0040][异常:[错误代码:DA001218][不支持关键字: “database”。]]
2019/7/24 18:39:51 :异常:[错误代码:BL0040][异常:[错误代码:DA001218][不支持关键字: “database”。]]
2019/7/24 18:39:51 :异常:[错误代码:BL0040][异常:[错误代码:DA001218][不支持关键字: “database”。]]
2019/7/24 18:39:51 :异常:[错误代码:BL0060][异常:[错误代码:DA001218][不支持关键字: “database”。]]
2019/7/24 18:40:00 :[frmCreateDataTable][已经关闭!]
2019/7/24 18:40:01 :[frmAutoDspId][已成功加载!]
2019/7/24 18:40:03 :[frmAutoDspId][已经关闭!]
2019/7/24 18:40:07 :异常：异常:[错误代码:DA001132][不支持关键字: “database”。]
2019/7/24 18:40:14 :[frmCreateDataTable][已经关闭!]
2019/7/24 18:43:53 :[FrmDPS.dll][已经成功加载!]
2019/7/24 18:43:53 :LoadRegionTable 加载基础数据出错：异常:[错误代码:DA001132][不支持关键字: “database”。]
2019/7/24 18:44:05 :[FrmDPS.dll][已经关闭!]
2019/7/24 18:44:06 :[frmCreateDataTable.dll][已经成功加载!]
2019/7/24 18:46:42 :[frmCreateDataTable.dll][已经成功加载!]
2019/7/24 18:46:44 :[frmCreateDataTable][已经关闭!]
2019/7/24 18:46:45 :[FrmDPS.dll][已经成功加载!]
2019/7/24 18:46:45 :LoadRegionTable 没有查询到基础数据，请检查是否已经维护基础数据
2019/7/24 18:46:49 :[FrmDPS.dll][已经关闭!]
2019/7/24 18:46:51 :[FrmSetDPS.dll][已经关闭!]
2019/7/24 18:47:05 :[frmCreateDataTable][已经关闭!]
2019/7/24 18:47:06 :[FrmDPS.dll][已经成功加载!]
2019/7/24 18:47:06 :LoadRegionTable 没有查询到基础数据，请检查是否已经维护基础数据
2019/7/24 18:47:11 :查询异常：异常:[错误代码:DA0010][对象名 't_light' 无效。]
2019/7/24 18:47:11 :InsertIntoDataModel 异常：System.IndexOutOfRangeException: 无法找到表 0。
   在 System.Data.DataTableCollection.get_Item(Int32 index)
   在 NFrmDPS.DFrmDPS.InsertIntoDataModel(DataSet dt) 位置 e:\项目文件\约克空调二期\PTLControLib-All - 拣选\FM002-FrmDPS\FrmDPS.cs:行号 869
2019/7/24 18:47:22 :[FrmDPS.dll][已经关闭!]
2019/7/24 18:48:11 :[FrmDPS.dll][已经成功加载!]
2019/7/24 18:48:11 :LoadRegionTable 没有查询到基础数据，请检查是否已经维护基础数据
2019/7/24 18:48:13 :[FrmDPS.dll][已经关闭!]
2019/7/24 18:48:15 :[FrmSetDPS.dll][已经关闭!]
2019/7/24 18:48:17 :[frmCreateDataTable][已经关闭!]
2019/7/24 18:48:27 :[FrmSetDPS.dll][已经关闭!]
2019/7/24 18:48:29 :[frmCreateDataTable][已经关闭!]
2019/7/24 18:48:31 :[FrmSetDPS.dll][已经关闭!]
2019/7/24 18:48:39 :[frmCreateDataTable][已经关闭!]
2019/7/24 18:48:40 :[FrmDPS.dll][已经成功加载!]
2019/7/24 18:48:40 :LoadRegionTable 没有查询到基础数据，请检查是否已经维护基础数据
2019/7/24 18:48:43 :数据为Null或没有数据
2019/7/24 18:48:56 :数据为Null或没有数据
2019/7/24 18:49:17 :数据为Null或没有数据
2019/7/24 18:49:47 :[FrmDPS.dll][已经关闭!]
2019/7/24 18:59:40 :[FrmDPS.dll][已经成功加载!]
2019/7/24 18:59:40 :LoadRegionTable 没有查询到基础数据，请检查是否已经维护基础数据
2019/7/24 18:59:54 :[FrmDPS.dll][已经关闭!]
2019/7/24 19:00:47 :[FrmDPS.dll][已经成功加载!]
2019/7/24 19:00:47 :LoadRegionTable 没有查询到基础数据，请检查是否已经维护基础数据
2019/7/24 19:02:10 :[FrmDPS.dll][已经关闭!]
2019/7/24 19:03:58 :[FrmDPS.dll][已经成功加载!]
2019/7/24 19:03:58 :LoadRegionTable 没有查询到基础数据，请检查是否已经维护基础数据
2019/7/24 19:04:07 :数据为Null或没有数据
2019/7/24 19:11:44 :[FrmDPS.dll][已经成功加载!]
2019/7/24 19:11:44 :LoadRegionTable 没有查询到基础数据，请检查是否已经维护基础数据
2019/7/24 19:12:02 :数据为Null或没有数据
2019/7/24 19:37:36 :[FrmSetDPS.dll][已经关闭!]
2019/7/24 19:42:52 :[FrmSetDPS.dll][已经关闭!]
2019/7/24 19:44:50 :[frmCreateDataTable][已经关闭!]
2019/7/24 19:45:52 :[frmCreateDataTable][已经关闭!]
2019/7/24 19:48:46 :[frmCreateDataTable][已经关闭!]
2019/7/24 19:49:56 :[FrmSetDPS.dll][已经关闭!]
2019/7/24 19:50:42 :[frmCreateDataTable][已经关闭!]
