2019/7/29 15:59:52 :[FrmDPS.dll][已经成功加载!]
2019/7/29 15:59:52 :LoadRegionTable 没有查询到基础数据，请检查是否已经维护基础数据
2019/7/29 16:01:54 :[FrmDPS.dll][已经关闭!]
2019/7/29 16:28:22 :[CreateForm][异常:[错误代码:DL0040][未能加载文件或程序集“file:///E:\项目文件\唐山住友\住友机械拣选\PTLControLib-All - 拣选\WinFrmUI\bin\x86\Debug\DFrmDPS.dll”或它的某一个依赖项。生成此程序集的运行时比当前加载的运行时新，无法加载此程序集。]]
2019/7/29 16:29:04 :[FrmDPS.dll][已经成功加载!]
2019/7/29 16:29:04 :LoadRegionTable 没有查询到基础数据，请检查是否已经维护基础数据
2019/7/29 16:29:55 :Excel转成Datatable 异常：System.IndexOutOfRangeException: 无法找到列 9。
   在 System.Data.DataColumnCollection.get_Item(Int32 index)
   在 System.Data.DataRow.set_Item(Int32 columnIndex, Object value)
   在 operateExcel.Class1.ExcelToDatatable(String excelFilePath, String& errorMsg) 位置 e:\项目文件\dll\opearateExcel_dll\operateExcel\operateExcel\Class1.cs:行号 74
2019/7/29 16:31:28 :DealDatatable 异常：System.ArgumentException: 列“orderNo”不属于表 。
   在 System.Data.DataRow.GetDataColumn(String columnName)
   在 System.Data.DataRow.get_Item(String columnName)
   在 NFrmDPS.DFrmDPS.DealDatatable(DataTable dt, String& errorMsg) 位置 e:\项目文件\唐山住友\住友机械拣选\PTLControLib-All - 拣选\FM002-FrmDPS\FrmDPS.cs:行号 1116
2019/7/29 16:31:38 :[FrmDPS.dll][已经关闭!]
2019/7/29 16:32:29 :[FrmDPS.dll][已经成功加载!]
2019/7/29 16:32:29 :LoadRegionTable 没有查询到基础数据，请检查是否已经维护基础数据
2019/7/29 16:33:56 :[FrmDPS.dll][已经关闭!]
2019/7/29 16:35:21 :[FrmDPS.dll][已经成功加载!]
2019/7/29 16:35:21 :LoadRegionTable 没有查询到基础数据，请检查是否已经维护基础数据
2019/7/29 16:37:05 :[FrmDPS.dll][已经关闭!]
2019/7/29 16:37:42 :[FrmDPS.dll][已经成功加载!]
2019/7/29 16:37:42 :LoadRegionTable 没有查询到基础数据，请检查是否已经维护基础数据
2019/7/29 16:39:10 :DealDatatable 异常：System.ArgumentException: 列“线别”不属于基础表“”。
   在 System.Data.DataView.ToTable(String tableName, Boolean distinct, String[] columnNames)
   在 System.Data.DataView.ToTable(Boolean distinct, String[] columnNames)
   在 NFrmDPS.DFrmDPS.DealDatatable(DataTable dt, String& errorMsg) 位置 e:\项目文件\唐山住友\住友机械拣选\PTLControLib-All - 拣选\FM002-FrmDPS\FrmDPS.cs:行号 1110
2019/7/29 16:39:18 :[FrmDPS.dll][已经关闭!]
2019/7/29 16:40:00 :[FrmDPS.dll][已经成功加载!]
2019/7/29 16:40:00 :LoadRegionTable 没有查询到基础数据，请检查是否已经维护基础数据
2019/7/29 16:40:35 :[FrmDPS.dll][已经关闭!]
2019/7/29 16:46:51 :[FrmDPS.dll][已经成功加载!]
2019/7/29 16:46:51 :LoadRegionTable 没有查询到基础数据，请检查是否已经维护基础数据
2019/7/29 16:47:38 :[FrmDPS.dll][已经关闭!]
2019/7/29 16:48:47 :[FrmDPS.dll][已经成功加载!]
2019/7/29 16:48:47 :LoadRegionTable 没有查询到基础数据，请检查是否已经维护基础数据
2019/7/29 16:49:11 :[FrmDPS.dll][已经关闭!]
2019/7/29 16:50:42 :[FrmDPS.dll][已经成功加载!]
2019/7/29 16:50:42 :LoadRegionTable 没有查询到基础数据，请检查是否已经维护基础数据
2019/7/29 16:51:16 :[FrmDPS.dll][已经关闭!]
2019/7/29 17:01:42 :[FrmDPS.dll][已经成功加载!]
2019/7/29 17:01:42 :LoadRegionTable 没有查询到基础数据，请检查是否已经维护基础数据
2019/7/29 17:01:53 :[FrmDPS.dll][已经关闭!]
2019/7/29 17:02:22 :[FrmDPS.dll][已经成功加载!]
2019/7/29 17:02:22 :LoadRegionTable 没有查询到基础数据，请检查是否已经维护基础数据
2019/7/29 17:02:45 :[FrmDPS.dll][已经关闭!]
2019/7/29 17:03:13 :[FrmDPS.dll][已经成功加载!]
2019/7/29 17:03:13 :LoadRegionTable 没有查询到基础数据，请检查是否已经维护基础数据
2019/7/29 17:03:35 :[FrmDPS.dll][已经关闭!]
2019/7/29 17:42:35 :[FrmDPS.dll][已经成功加载!]
2019/7/29 17:42:35 :LoadRegionTable 没有查询到基础数据，请检查是否已经维护基础数据
2019/7/29 17:44:20 :[FrmDPS.dll][已经关闭!]
2019/7/29 17:46:58 :[FrmDPS.dll][已经成功加载!]
2019/7/29 17:46:58 :LoadRegionTable 没有查询到基础数据，请检查是否已经维护基础数据
2019/7/29 17:47:10 :[FrmDPS.dll][已经关闭!]
2019/7/29 17:47:30 :[FrmDPS.dll][已经成功加载!]
2019/7/29 17:47:30 :LoadRegionTable 没有查询到基础数据，请检查是否已经维护基础数据
2019/7/29 17:47:40 :[FrmDPS.dll][已经关闭!]
2019/7/29 17:48:05 :[FrmDPS.dll][已经成功加载!]
2019/7/29 17:48:05 :LoadRegionTable 没有查询到基础数据，请检查是否已经维护基础数据
2019/7/29 17:49:38 :[FrmDPS.dll][已经成功加载!]
2019/7/29 17:50:20 :[FrmDPS.dll][已经关闭!]
2019/7/29 17:51:06 :[FrmDPS.dll][已经成功加载!]
2019/7/29 17:51:27 :[FrmDPS.dll][已经关闭!]
2019/7/29 17:51:47 :[FrmDPS.dll][已经成功加载!]
2019/7/29 17:53:56 :[FrmDPS.dll][已经成功加载!]
2019/7/29 17:54:08 :[FrmDPS.dll][已经关闭!]
2019/7/29 17:54:52 :[FrmDPS.dll][已经成功加载!]
2019/7/29 17:56:24 :[FrmDPS.dll][已经关闭!]
2019/7/29 17:56:34 :查询成功。
2019/7/29 17:56:36 :货位:0001 已经存在.
2019/7/29 17:56:36 :删除货位:0001 成功.
2019/7/29 17:56:36 :货位:0001,导入成功
2019/7/29 17:56:36 :货位:0002 已经存在.
2019/7/29 17:56:36 :删除货位:0002 成功.
2019/7/29 17:56:36 :货位:0002,导入成功
2019/7/29 17:56:36 :货位:0003 已经存在.
2019/7/29 17:56:36 :删除货位:0003 成功.
2019/7/29 17:56:36 :货位:0003,导入成功
2019/7/29 17:56:36 :货位:0004 已经存在.
2019/7/29 17:56:36 :删除货位:0004 成功.
2019/7/29 17:56:36 :货位:0004,导入成功
2019/7/29 17:56:36 :货位:0005 已经存在.
2019/7/29 17:56:36 :删除货位:0005 成功.
2019/7/29 17:56:36 :货位:0005,导入成功
2019/7/29 17:56:36 :货位:0006 已经存在.
2019/7/29 17:56:36 :删除货位:0006 成功.
2019/7/29 17:56:36 :货位:0006,导入成功
2019/7/29 17:56:36 :货位:0001 已经存在.
2019/7/29 17:56:36 :删除货位:0001 成功.
2019/7/29 17:56:36 :货位:0001,导入成功
2019/7/29 17:56:36 :货位:0002 已经存在.
2019/7/29 17:56:36 :删除货位:0002 成功.
2019/7/29 17:56:37 :货位:0002,导入成功
2019/7/29 17:56:37 :货位:0003 已经存在.
2019/7/29 17:56:37 :删除货位:0003 成功.
2019/7/29 17:56:37 :货位:0003,导入成功
2019/7/29 17:56:37 :货位:0004 已经存在.
2019/7/29 17:56:37 :删除货位:0004 成功.
2019/7/29 17:56:37 :货位:0004,导入成功
2019/7/29 17:56:37 :货位:0005 已经存在.
2019/7/29 17:56:37 :删除货位:0005 成功.
2019/7/29 17:56:37 :货位:0005,导入成功
2019/7/29 17:56:37 :货位:0006 已经存在.
2019/7/29 17:56:37 :删除货位:0006 成功.
2019/7/29 17:56:37 :货位:0006,导入成功
2019/7/29 17:56:37 :货位:0001 已经存在.
2019/7/29 17:56:37 :删除货位:0001 成功.
2019/7/29 17:56:37 :货位:0001,导入成功
2019/7/29 17:56:37 :货位:0002 已经存在.
2019/7/29 17:56:37 :删除货位:0002 成功.
2019/7/29 17:56:37 :货位:0002,导入成功
2019/7/29 17:56:37 :货位:0003 已经存在.
2019/7/29 17:56:37 :删除货位:0003 成功.
2019/7/29 17:56:37 :货位:0003,导入成功
2019/7/29 17:56:37 :货位:0004 已经存在.
2019/7/29 17:56:37 :删除货位:0004 成功.
2019/7/29 17:56:37 :货位:0004,导入成功
2019/7/29 17:56:37 :货位:0005 已经存在.
2019/7/29 17:56:37 :删除货位:0005 成功.
2019/7/29 17:56:37 :货位:0005,导入成功
2019/7/29 17:56:37 :货位:0006 已经存在.
2019/7/29 17:56:37 :删除货位:0006 成功.
2019/7/29 17:56:37 :货位:0006,导入成功
2019/7/29 17:56:43 :[frmCreateDataTable][已经关闭!]
2019/7/29 17:56:45 :[FrmDPS.dll][已经成功加载!]
2019/7/29 17:57:02 :[FrmDPS.dll][已经关闭!]
